2017/08/15 07:53:35 [TRACE] Log Mode: File (Trace)
2017/08/15 07:53:35 [ INFO] Gogs 0.11.28.0718
2017/08/15 07:53:35 [ INFO] Cache Service Enabled
2017/08/15 07:53:35 [ INFO] Session Service Enabled
2017/08/15 07:53:35 [ INFO] Git Version: 2.11.2
2017/08/15 07:53:35 [ INFO] SQLite3 Supported
2017/08/15 07:53:35 [ INFO] Run Mode: Production
2017/08/15 07:53:35 [TRACE] Doing: CheckRepoStats
2017/08/15 07:53:35 [ INFO] SSH server started on 0.0.0.0:10022
2017/08/15 07:53:35 [TRACE] SSH server cipher list: [aes128-ctr aes192-ctr aes256-ctr aes128-gcm@openssh.com arcfour256 arcfour128]
2017/08/15 07:53:35 [ INFO] Listen: http://0.0.0.0:3000
2017/08/15 07:57:45 [TRACE] Log Mode: File (Trace)
2017/08/15 07:57:45 [ INFO] Gogs 0.11.28.0718
2017/08/15 07:57:45 [ INFO] Cache Service Enabled
2017/08/15 07:57:45 [ INFO] Session Service Enabled
2017/08/15 07:57:45 [ INFO] Git Version: 2.11.2
2017/08/15 07:57:45 [ INFO] SQLite3 Supported
2017/08/15 07:57:45 [ INFO] Run Mode: Production
2017/08/15 07:57:45 [ INFO] SSH server started on 0.0.0.0:10022
2017/08/15 07:57:45 [TRACE] SSH server cipher list: [aes128-ctr aes192-ctr aes256-ctr aes128-gcm@openssh.com arcfour256 arcfour128]
2017/08/15 07:57:45 [TRACE] Doing: CheckRepoStats
2017/08/15 07:57:45 [ INFO] Listen: http://0.0.0.0:3000
2017/08/15 08:05:15 [TRACE] Log Mode: File (Trace)
2017/08/15 08:05:15 [ INFO] Gogs 0.11.28.0718
2017/08/15 08:05:15 [ INFO] Cache Service Enabled
2017/08/15 08:05:15 [ INFO] Session Service Enabled
2017/08/15 08:05:15 [ INFO] Git Version: 2.11.2
2017/08/15 08:05:15 [ INFO] SQLite3 Supported
2017/08/15 08:05:15 [ INFO] Run Mode: Production
2017/08/15 08:05:15 [ INFO] SSH server started on 0.0.0.0:10022
2017/08/15 08:05:15 [TRACE] SSH server cipher list: [aes128-ctr aes192-ctr aes256-ctr aes128-gcm@openssh.com arcfour256 arcfour128]
2017/08/15 08:05:15 [TRACE] Doing: CheckRepoStats
2017/08/15 08:05:16 [ INFO] Listen: http://0.0.0.0:3000
2017/08/15 08:08:44 [TRACE] Session ID: 24043d16d79019a5
2017/08/15 08:08:44 [TRACE] CSRF Token: CitTc1WkAGjgCt1BTZxpNmOhEFk6MTUwMjc4NDUyNDEzNzA2NzExOQ==
2017/08/15 08:08:44 [TRACE] Template: home
2017/08/15 08:09:03 [TRACE] Session ID: 609029b15e43c297
2017/08/15 08:09:03 [TRACE] CSRF Token: cJojLX4J2Htc3lnC8bnWe_l0r1k6MTUwMjc4NDU0MzE2ODYzOTMwNw==
2017/08/15 08:09:03 [TRACE] Template: home
2017/08/15 08:11:37 [TRACE] Session ID: 80f8d5fb70956fc4
2017/08/15 08:11:37 [TRACE] CSRF Token: vOyHJpmqhZ0ee05tS1eRo67xb2k6MTUwMjc4NDY5NzgxMTg3NzA4Mg==
2017/08/15 08:11:37 [TRACE] Template: home
2017/08/15 08:15:15 [TRACE] Doing: MirrorUpdate
